2022-03-07 10:41:59,102 - main - INFO - Программа запущена.
2022-03-07 10:42:01,380 - main - INFO - Пользователем выбрана социальная сеть VK.
2022-03-07 10:42:01,380 - main - INFO - Выполнен вход в процедуру input_check().
2022-03-07 10:42:03,420 - main - INFO - Введен ID пользоваталя 0.
2022-03-07 10:42:03,420 - main.VKnet - INFO - Выполнен вызов метода _get_profile()
2022-03-07 10:42:03,783 - main.VKnet - INFO - <Response [200]>
2022-03-07 10:42:03,783 - main - INFO - Получено имя пользователя Сергей Быков.
2022-03-07 10:42:03,783 - main.VKnet - INFO - Выполнен вызов метода get_albums()
2022-03-07 10:42:04,101 - main.VKnet - INFO - <Response [200]>
2022-03-07 10:42:04,113 - main - INFO - Получен словарь альбомов длинной 3.
2022-03-07 10:42:10,780 - main - INFO - Введен ID альбома 282522974.
2022-03-07 10:42:13,668 - main - INFO - Введено количество фотографий "2".
2022-03-07 10:42:13,668 - main - INFO - Получен словарь параметров "{'sn': <vk_class.VKnet object at 0x000001C9BBEE5FD0>, 'id_user': '87343268', 'user_name': 'Сергей Быков', 'album_id': '282522974', 'album_name': 'Прочее', 'number_photo': '2'}".
2022-03-07 10:42:13,668 - main - INFO - Выполнен вход в процедуру upload_to_cloud_disk().
2022-03-07 10:42:15,683 - main - INFO - Выбран YaDisk.
2022-03-07 10:42:15,683 - main.VKnet - INFO - Выполнен вызов метода get_album_photo()
2022-03-07 10:42:15,990 - main.VKnet - INFO - <Response [200]>
2022-03-07 10:42:16,863 - main.YaDisk - INFO - Создана папака для сохранения альбома "Прочее".
2022-03-07 10:42:17,661 - main.YaDisk - INFO - Файл "1.jpg" загружен успешно.
2022-03-07 10:42:18,532 - main.YaDisk - INFO - Файл "1_2022_02_15_15_35_19.jpg" загружен успешно.
2022-03-07 10:42:18,532 - main.YaDisk - INFO - Всего в директорию "Прочее" загружено фотографий - 2.
